\BOOKMARK [1][-]{section.1}{\376\377\000S\000t\000a\000t\000e\000m\000e\000n\000t\000,\000\040\000O\000v\000e\000r\000v\000i\000e\000w\000,\000\040\000a\000n\000d\000\040\000C\000o\000r\000r\000e\000c\000t\000i\000o\000n}{}% 1
\BOOKMARK [2][-]{subsection.1.1}{\376\377\000T\000h\000e\000\040\000e\000q\000u\000a\000t\000i\000o\000n}{section.1}% 2
\BOOKMARK [2][-]{subsection.1.2}{\376\377\000C\000o\000r\000r\000e\000c\000t\000i\000o\000n\000\040\000o\000f\000\040\000t\000h\000e\000\040\000o\000r\000i\000g\000i\000n\000a\000l\000\040\000c\000l\000a\000i\000m}{section.1}% 3
\BOOKMARK [2][-]{subsection.1.3}{\376\377\000T\000h\000e\000\040\000c\000o\000r\000r\000e\000c\000t\000e\000d\000\040\000m\000a\000i\000n\000\040\000t\000h\000e\000o\000r\000e\000m}{section.1}% 4
\BOOKMARK [1][-]{section.2}{\376\377\000B\000a\000s\000i\000c\000\040\000P\000r\000o\000p\000e\000r\000t\000i\000e\000s\000\040\000o\000f\000\040\000t\000h\000e\000\040\000C\000y\000c\000l\000i\000c\000\040\000F\000o\000r\000m}{}% 5
\BOOKMARK [2][-]{subsection.2.1}{\376\377\000C\000y\000c\000l\000i\000c\000\040\000s\000y\000m\000m\000e\000t\000r\000y}{section.2}% 6
\BOOKMARK [2][-]{subsection.2.2}{\376\377\000A\000n\000\040\000a\000n\000t\000i\000s\000y\000m\000m\000e\000t\000r\000y\000\040\000i\000d\000e\000n\000t\000i\000t\000y}{section.2}% 7
\BOOKMARK [2][-]{subsection.2.3}{\376\377\000S\000p\000e\000c\000i\000a\000l\000i\000s\000a\000t\000i\000o\000n\000s}{section.2}% 8
\BOOKMARK [1][-]{section.3}{\376\377\000S\000o\000l\000u\000t\000i\000o\000n\000s\000\040\000w\000i\000t\000h\000\040\000a\000\040\000Z\000e\000r\000o\000\040\000C\000o\000o\000r\000d\000i\000n\000a\000t\000e}{}% 9
\BOOKMARK [1][-]{section.4}{\376\377\000R\000e\000d\000u\000c\000t\000i\000o\000n\000\040\000t\000o\000\040\000a\000\040\000Q\000u\000a\000d\000r\000a\000t\000i\000c\000:\000\040\000V\000i\000e\000t\000a\000-\000J\000u\000m\000p\000i\000n\000g\000\040\000A\000n\000a\000l\000y\000s\000i\000s}{}% 10
\BOOKMARK [2][-]{subsection.4.1}{\376\377\000F\000i\000x\000i\000n\000g\000\040\000t\000w\000o\000\040\000v\000a\000r\000i\000a\000b\000l\000e\000s}{section.4}% 11
\BOOKMARK [2][-]{subsection.4.2}{\376\377\000T\000h\000e\000\040\000V\000i\000e\000t\000a\000\040\000i\000n\000v\000o\000l\000u\000t\000i\000o\000n}{section.4}% 12
\BOOKMARK [2][-]{subsection.4.3}{\376\377\000V\000i\000e\000t\000a\000\040\000j\000u\000m\000p\000i\000n\000g\000\040\000g\000e\000n\000e\000r\000a\000t\000e\000s\000\040\000o\000n\000l\000y\000\040\000p\000e\000r\000i\000o\000d\000-\0002\000\040\000c\000y\000c\000l\000e\000s}{section.4}% 13
\BOOKMARK [2][-]{subsection.4.4}{\376\377\000T\000h\000e\000\040\000c\000o\000n\000n\000e\000c\000t\000e\000d\000\040\000c\000o\000m\000p\000o\000n\000e\000n\000t\000\040\000o\000f\000\040\000\050\0001\000,\0001\000,\0000\000\051\000\040\000u\000n\000d\000e\000r\000\040\000V\000i\000e\000t\000a\000\040\000j\000u\000m\000p\000i\000n\000g}{section.4}% 14
\BOOKMARK [1][-]{section.5}{\376\377\000S\000t\000r\000u\000c\000t\000u\000r\000e\000\040\000o\000f\000\040\000t\000h\000e\000\040\000S\000o\000l\000u\000t\000i\000o\000n\000\040\000S\000e\000t\000:\000\040\000O\000r\000b\000i\000t\000s\000\040\000a\000n\000d\000\040\000C\000o\000m\000p\000u\000t\000e\000r\000\040\000S\000e\000a\000r\000c\000h}{}% 15
\BOOKMARK [2][-]{subsection.5.1}{\376\377\000A\000l\000l\000\040\000c\000o\000n\000f\000i\000r\000m\000e\000d\000\040\000o\000r\000b\000i\000t\000s}{section.5}% 16
\BOOKMARK [2][-]{subsection.5.2}{\376\377\000T\000h\000e\000\040\000s\000e\000a\000r\000c\000h\000\040\000a\000l\000g\000o\000r\000i\000t\000h\000m}{section.5}% 17
\BOOKMARK [2][-]{subsection.5.3}{\376\377\000A\000\040\000h\000e\000u\000r\000i\000s\000t\000i\000c\000\040\000m\000o\000d\000e\000l\000\040\000f\000o\000r\000\040\000s\000o\000l\000u\000t\000i\000o\000n\000\040\000d\000e\000n\000s\000i\000t\000y}{section.5}% 18
\BOOKMARK [1][-]{section.6}{\376\377\000A\000b\000s\000e\000n\000c\000e\000\040\000o\000f\000\040\000a\000\040\000P\000o\000l\000y\000n\000o\000m\000i\000a\000l\000\040\000P\000a\000r\000a\000m\000e\000t\000r\000i\000c\000\040\000F\000a\000m\000i\000l\000y}{}% 19
\BOOKMARK [2][-]{subsection.6.1}{\376\377\000O\000b\000s\000t\000r\000u\000c\000t\000i\000o\000n\000\040\000f\000r\000o\000m\000\040\000t\000h\000e\000\040\000l\000e\000a\000d\000i\000n\000g\000\040\000f\000o\000r\000m}{section.6}% 20
\BOOKMARK [2][-]{subsection.6.2}{\376\377\000T\000h\000e\000\040\000n\000e\000a\000r\000-\000m\000i\000s\000s\000\040\000i\000d\000e\000n\000t\000i\000t\000y}{section.6}% 21
\BOOKMARK [2][-]{subsection.6.3}{\376\377\000A\000n\000a\000l\000y\000s\000i\000s\000\040\000o\000f\000\040\000s\000p\000e\000c\000i\000a\000l\000\040\000o\000n\000e\000-\000p\000a\000r\000a\000m\000e\000t\000e\000r\000\040\000s\000u\000b\000s\000t\000i\000t\000u\000t\000i\000o\000n\000s}{section.6}% 22
\BOOKMARK [1][-]{section.7}{\376\377\000T\000h\000e\000\040\000C\000u\000b\000i\000c\000\040\000S\000u\000r\000f\000a\000c\000e\000\040\000o\000v\000e\000r\000\040\000Q}{}% 23
\BOOKMARK [2][-]{subsection.7.1}{\376\377\000D\000e\000f\000i\000n\000i\000t\000i\000o\000n\000\040\000a\000n\000d\000\040\000p\000r\000o\000j\000e\000c\000t\000i\000v\000i\000s\000a\000t\000i\000o\000n}{section.7}% 24
\BOOKMARK [2][-]{subsection.7.2}{\376\377\000S\000m\000o\000o\000t\000h\000n\000e\000s\000s}{section.7}% 25
\BOOKMARK [2][-]{subsection.7.3}{\376\377\000F\000i\000b\000r\000a\000t\000i\000o\000n\000\040\000b\000y\000\040\000c\000u\000b\000i\000c\000\040\000c\000u\000r\000v\000e\000s}{section.7}% 26
\BOOKMARK [2][-]{subsection.7.4}{\376\377\000W\000h\000y\000\040\000t\000h\000e\000\040\000u\000n\000i\000o\000n\000\040\000i\000s\000\040\000i\000n\000f\000i\000n\000i\000t\000e\000:\000\040\000a\000\040\000M\000o\000r\000d\000e\000l\000l\040\023\000W\000e\000i\000l\000\040\000s\000k\000e\000t\000c\000h}{section.7}% 27
\BOOKMARK [1][-]{section.8}{\376\377\000M\000o\000d\000u\000l\000a\000r\000\040\000A\000n\000a\000l\000y\000s\000i\000s}{}% 28
\BOOKMARK [2][-]{subsection.8.1}{\376\377\000N\000o\000\040\000c\000o\000n\000g\000r\000u\000e\000n\000c\000e\000\040\000o\000b\000s\000t\000r\000u\000c\000t\000i\000o\000n}{section.8}% 29
\BOOKMARK [2][-]{subsection.8.2}{\376\377\000R\000e\000s\000i\000d\000u\000e\000\040\000c\000o\000n\000s\000t\000r\000a\000i\000n\000t\000s\000\040\000f\000r\000o\000m\000\040\000s\000m\000a\000l\000l\000\040\000m\000o\000d\000u\000l\000i}{section.8}% 30
\BOOKMARK [1][-]{section.9}{\376\377\000P\000r\000o\000o\000f\000\040\000o\000f\000\040\000I\000n\000f\000i\000n\000i\000t\000u\000d\000e}{}% 31
\BOOKMARK [2][-]{subsection.9.1}{\376\377\000F\000o\000r\000m\000a\000l\000\040\000p\000r\000o\000o\000f\000\040\000s\000t\000r\000a\000t\000e\000g\000y}{section.9}% 32
\BOOKMARK [2][-]{subsection.9.2}{\376\377\000T\000h\000e\000\040\000f\000o\000r\000m\000a\000l\000l\000y\000\040\000p\000r\000o\000v\000e\000d\000\040\000c\000o\000m\000p\000o\000n\000e\000n\000t}{section.9}% 33
\BOOKMARK [2][-]{subsection.9.3}{\376\377\000T\000h\000e\000\040\000r\000e\000s\000i\000d\000u\000a\000l\000\040\000s\000o\000r\000r\000y\000\040\000a\000n\000d\000\040\000w\000h\000y\000\040\000i\000t\000\040\000i\000s\000\040\000h\000a\000r\000d}{section.9}% 34
\BOOKMARK [2][-]{subsection.9.4}{\376\377\000M\000a\000i\000n\000\040\000i\000n\000f\000i\000n\000i\000t\000u\000d\000e\000\040\000t\000h\000e\000o\000r\000e\000m}{section.9}% 35
\BOOKMARK [1][-]{section.10}{\376\377\000L\000e\000a\000n\000\040\0004\000\040\000F\000o\000r\000m\000a\000l\000i\000s\000a\000t\000i\000o\000n}{}% 36
\BOOKMARK [2][-]{subsection.10.1}{\376\377\000O\000v\000e\000r\000v\000i\000e\000w}{section.10}% 37
\BOOKMARK [2][-]{subsection.10.2}{\376\377\000C\000o\000m\000p\000l\000e\000t\000e\000\040\000t\000h\000e\000o\000r\000e\000m\000\040\000i\000n\000d\000e\000x}{section.10}% 38
\BOOKMARK [2][-]{subsection.10.3}{\376\377\000K\000e\000y\000\040\000L\000e\000a\000n\000\040\0004\000\040\000e\000x\000c\000e\000r\000p\000t\000s}{section.10}% 39
\BOOKMARK [1][-]{section.11}{\376\377\000P\000r\000o\000o\000f\000\040\000S\000t\000a\000t\000u\000s\000\040\000S\000u\000m\000m\000a\000r\000y}{}% 40
\BOOKMARK [1][-]{section.12}{\376\377\000C\000o\000n\000c\000l\000u\000s\000i\000o\000n}{}% 41
