\BOOKMARK [1][-]{section.2}{\376\377\000I\000n\000t\000r\000o\000d\000u\000c\000t\000i\000o\000n\000\040\000a\000n\000d\000\040\000O\000v\000e\000r\000v\000i\000e\000w}{}% 1
\BOOKMARK [1][-]{section.10}{\376\377\000A\000l\000g\000e\000b\000r\000a\000i\000c\000\040\000R\000e\000d\000u\000c\000t\000i\000o\000n\000:\000\040\000F\000a\000c\000t\000o\000r\000i\000z\000a\000t\000i\000o\000n\000\040\000C\000h\000a\000r\000a\000c\000t\000e\000r\000i\000z\000a\000t\000i\000o\000n}{}% 2
\BOOKMARK [1][-]{section.15}{\376\377\000N\000e\000c\000e\000s\000s\000a\000r\000y\000\040\000C\000o\000n\000d\000i\000t\000i\000o\000n\000s\000:\000\040\000M\000o\000d\000u\000l\000a\000r\000\040\000C\000o\000n\000s\000t\000r\000a\000i\000n\000t\000s}{}% 3
\BOOKMARK [1][-]{section.19}{\376\377\000T\000h\000e\000\040\000B\000r\000a\000n\000c\000h\000\040\000y\000=\0000\000:\000\040\000E\000l\000l\000i\000p\000t\000i\000c\000\040\000C\000u\000r\000v\000e}{}% 4
\BOOKMARK [1][-]{section.24}{\376\377\000T\000h\000e\000\040\000B\000r\000a\000n\000c\000h\000\040\000y\042\140\0000\000:\000\040\000E\000l\000l\000i\000p\000t\000i\000c\000\040\000F\000i\000b\000r\000a\000t\000i\000o\000n}{}% 5
\BOOKMARK [2][-]{subsection.25}{\376\377\000R\000e\000d\000u\000c\000t\000i\000o\000n\000\040\000t\000o\000\040\000a\000\040\000F\000a\000m\000i\000l\000y\000\040\000o\000f\000\040\000E\000l\000l\000i\000p\000t\000i\000c\000\040\000C\000u\000r\000v\000e\000s}{section.24}% 6
\BOOKMARK [2][-]{subsection.28}{\376\377\000T\000h\000e\000\040\000V\000i\000e\000t\000a\000\040\000I\000n\000v\000o\000l\000u\000t\000i\000o\000n}{section.24}% 7
\BOOKMARK [2][-]{subsection.30}{\376\377\000C\000h\000o\000r\000d\000-\000a\000n\000d\000-\000T\000a\000n\000g\000e\000n\000t\000\040\000M\000e\000t\000h\000o\000d\000\040\000o\000n\000\040\000t\000h\000e\000\040\000S\000u\000r\000f\000a\000c\000e}{section.24}% 8
\BOOKMARK [2][-]{subsection.33}{\376\377\000S\000o\000l\000u\000t\000i\000o\000n\000s\000\040\000F\000o\000u\000n\000d\000\040\000b\000y\000\040\000E\000x\000h\000a\000u\000s\000t\000i\000v\000e\000\040\000S\000e\000a\000r\000c\000h}{section.24}% 9
\BOOKMARK [1][-]{section.34}{\376\377\000G\000e\000o\000m\000e\000t\000r\000y\000\040\000o\000f\000\040\000t\000h\000e\000\040\000S\000u\000r\000f\000a\000c\000e}{}% 10
\BOOKMARK [2][-]{subsection.35}{\376\377\000T\000h\000e\000\040\000S\000u\000r\000f\000a\000c\000e\000\040\000a\000s\000\040\000a\000\040\000C\000u\000b\000i\000c\000\040\000i\000n\000\040\000P\000\263}{section.34}% 11
\BOOKMARK [2][-]{subsection.39}{\376\377\000R\000a\000t\000i\000o\000n\000a\000l\000\040\000P\000o\000i\000n\000t\000s\000\040\000v\000i\000a\000\040\000P\000r\000o\000j\000e\000c\000t\000i\000o\000n}{section.34}% 12
\BOOKMARK [2][-]{subsection.40}{\376\377\000T\000h\000e\000\040\000E\000l\000l\000i\000p\000t\000i\000c\000\040\000F\000i\000b\000r\000a\000t\000i\000o\000n}{section.34}% 13
\BOOKMARK [1][-]{section.42}{\376\377\000S\000u\000m\000m\000a\000r\000y\000\040\000o\000f\000\040\000I\000n\000t\000e\000g\000e\000r\000\040\000S\000o\000l\000u\000t\000i\000o\000n\000\040\000S\000t\000r\000u\000c\000t\000u\000r\000e}{}% 14
\BOOKMARK [1][-]{section.49}{\376\377\000A\000l\000g\000o\000r\000i\000t\000h\000m\000i\000c\000\040\000G\000e\000n\000e\000r\000a\000t\000i\000o\000n\000\040\000o\000f\000\040\000S\000o\000l\000u\000t\000i\000o\000n\000s}{}% 15
\BOOKMARK [1][-]{section.54}{\376\377\000O\000p\000e\000n\000\040\000P\000r\000o\000b\000l\000e\000m\000s}{}% 16
\BOOKMARK [1][-]{section.57}{\376\377\000E\000m\000p\000i\000r\000i\000c\000a\000l\000\040\000G\000r\000o\000w\000t\000h\000\040\000L\000a\000w\000\040\000a\000n\000d\000\040\000a\000\040\000H\000a\000r\000d\000y\040\023\000L\000i\000t\000t\000l\000e\000w\000o\000o\000d\000\040\000H\000e\000u\000r\000i\000s\000t\000i\000c}{}% 17
\BOOKMARK [2][-]{subsection.58}{\376\377\000B\000u\000c\000k\000e\000t\000e\000d\000\040\000c\000o\000u\000n\000t\000s\000\040\000p\000e\000r\000\040\0001\0000\0000\0000\000\040\000o\000f\000\040\000|\000x\000|}{section.57}% 18
\BOOKMARK [2][-]{subsection.60}{\376\377\000T\000h\000e\000\040\000c\000u\000m\000u\000l\000a\000t\000i\000v\000e\000\040\000t\000r\000e\000n\000d}{section.57}% 19
\BOOKMARK [2][-]{subsection.63}{\376\377\000W\000h\000y\000\040\000a\000\040\000l\000o\000g\000a\000r\000i\000t\000h\000m\000i\000c\000\040\000g\000r\000o\000w\000t\000h\000\040\000l\000a\000w\000\040\000i\000s\000\040\000t\000h\000e\000\040\000n\000a\000t\000u\000r\000a\000l\000\040\000p\000r\000e\000d\000i\000c\000t\000i\000o\000n}{section.57}% 20
\BOOKMARK [2][-]{subsection.72}{\376\377\000H\000o\000n\000e\000s\000t\000\040\000s\000c\000o\000p\000e\000\040\000o\000f\000\040\000t\000h\000e\000\040\000c\000o\000n\000c\000l\000u\000s\000i\000o\000n}{section.57}% 21
